<?xml version="1.0" encoding="UTF-8" ?>
<testsuite tests="1" failures="1" name="matpat.carina.demo.WeatherAPITest" time="1.088" errors="0" skipped="0">
  <properties>
[...]
</properties>
  <testcase classname="matpat.carina.demo.WeatherAPITest" name="testGetWeather" time="1.088">
    <failure message="2 expectations failed.
Expected status code &lt;200&gt; but was &lt;401&gt;.

Expected status line a string containing &quot;OK&quot; doesn&apos;t match actual status line &quot;HTTP/1.1 401 Unauthorized&quot;.
" type="java.lang.AssertionError">java.lang.AssertionError: 2 expectations failed.
Expected status code &lt;200&gt; but was &lt;401&gt;.
Expected status line a string containing &quot;OK&quot; doesn&apos;t match actual status line &quot;HTTP/1.1 401 Unauthorized&quot;.

	at java.base/jdk.internal.reflect.NativeConstructorAccessorImpl.newInstance0(Native Method)
	at java.base/jdk.internal.reflect.NativeConstructorAccessorImpl.newInstance(NativeConstructorAccessorImpl.java:77)
	at java.base/jdk.internal.reflect.DelegatingConstructorAccessorImpl.newInstance(DelegatingConstructorAccessorImpl.java:45)
	at java.base/java.lang.reflect.Constructor.newInstanceWithCaller(Constructor.java:499)
	at java.base/java.lang.reflect.Constructor.newInstance(Constructor.java:480)
	at org.codehaus.groovy.reflection.CachedConstructor.invoke(CachedConstructor.java:72)
	at org.codehaus.groovy.runtime.callsite.ConstructorSite$ConstructorSiteNoUnwrapNoCoerce.callConstructor(ConstructorSite.java:105)
	at org.codehaus.groovy.runtime.callsite.CallSiteArray.defaultCallConstructor(CallSiteArray.java:59)
	at org.codehaus.groovy.runtime.callsite.AbstractCallSite.callConstructor(AbstractCallSite.java:263)
	at org.codehaus.groovy.runtime.callsite.AbstractCallSite.callConstructor(AbstractCallSite.java:277)
	at io.restassured.internal.ResponseSpecificationImpl$HamcrestAssertionClosure.validate(ResponseSpecificationImpl.groovy:493)
	at io.restassured.internal.ResponseSpecificationImpl$HamcrestAssertionClosure$validate$1.call(Unknown Source)
	at org.codehaus.groovy.runtime.callsite.CallSiteArray.defaultCall(CallSiteArray.java:47)
	at org.codehaus.groovy.runtime.callsite.AbstractCallSite.call(AbstractCallSite.java:125)
	at org.codehaus.groovy.runtime.callsite.AbstractCallSite.call(AbstractCallSite.java:139)
	at io.restassured.internal.RequestSpecificationImpl.applyPathParamsAndSendRequest(RequestSpecificationImpl.groovy:1656)
	at java.base/jdk.internal.reflect.NativeMethodAccessorImpl.invoke0(Native Method)
	at java.base/jdk.internal.reflect.NativeMethodAccessorImpl.invoke(NativeMethodAccessorImpl.java:77)
	at java.base/jdk.internal.reflect.DelegatingMethodAccessorImpl.invoke(DelegatingMethodAccessorImpl.java:43)
	at java.base/java.lang.reflect.Method.invoke(Method.java:568)
	at org.codehaus.groovy.reflection.CachedMethod.invoke(CachedMethod.java:107)
	at groovy.lang.MetaMethod.doMethodInvoke(MetaMethod.java:323)
	at groovy.lang.MetaClassImpl.invokeMethod(MetaClassImpl.java:1262)
	at groovy.lang.MetaClassImpl.invokeMethod(MetaClassImpl.java:1029)
	at groovy.lang.MetaClassImpl.invokeMethod(MetaClassImpl.java:816)
	at groovy.lang.GroovyObject.invokeMethod(GroovyObject.java:39)
	at org.codehaus.groovy.runtime.callsite.PogoInterceptableSite.call(PogoInterceptableSite.java:45)
	at org.codehaus.groovy.runtime.callsite.PogoInterceptableSite.callCurrent(PogoInterceptableSite.java:55)
	at org.codehaus.groovy.runtime.callsite.CallSiteArray.defaultCallCurrent(CallSiteArray.java:51)
	at org.codehaus.groovy.runtime.callsite.AbstractCallSite.callCurrent(AbstractCallSite.java:171)
	at org.codehaus.groovy.runtime.callsite.AbstractCallSite.callCurrent(AbstractCallSite.java:203)
	at io.restassured.internal.RequestSpecificationImpl.applyPathParamsAndSendRequest(RequestSpecificationImpl.groovy:1661)
	at java.base/jdk.internal.reflect.NativeMethodAccessorImpl.invoke0(Native Method)
	at java.base/jdk.internal.reflect.NativeMethodAccessorImpl.invoke(NativeMethodAccessorImpl.java:77)
	at java.base/jdk.internal.reflect.DelegatingMethodAccessorImpl.invoke(DelegatingMethodAccessorImpl.java:43)
	at java.base/java.lang.reflect.Method.invoke(Method.java:568)
	at org.codehaus.groovy.reflection.CachedMethod.invoke(CachedMethod.java:107)
	at groovy.lang.MetaMethod.doMethodInvoke(MetaMethod.java:323)
	at groovy.lang.MetaClassImpl.invokeMethod(MetaClassImpl.java:1262)
	at groovy.lang.MetaClassImpl.invokeMethod(MetaClassImpl.java:1029)
	at groovy.lang.MetaClassImpl.invokeMethod(MetaClassImpl.java:816)
	at groovy.lang.GroovyObject.invokeMethod(GroovyObject.java:39)
	at org.codehaus.groovy.runtime.callsite.PogoInterceptableSite.call(PogoInterceptableSite.java:45)
	at org.codehaus.groovy.runtime.callsite.PogoInterceptableSite.callCurrent(PogoInterceptableSite.java:55)
	at org.codehaus.groovy.runtime.callsite.CallSiteArray.defaultCallCurrent(CallSiteArray.java:51)
	at org.codehaus.groovy.runtime.callsite.AbstractCallSite.callCurrent(AbstractCallSite.java:171)
	at org.codehaus.groovy.runtime.callsite.AbstractCallSite.callCurrent(AbstractCallSite.java:203)
	at io.restassured.internal.RequestSpecificationImpl.get(RequestSpecificationImpl.groovy:171)
	at io.restassured.internal.RequestSpecificationImpl.get(RequestSpecificationImpl.groovy)
	at com.qaprosoft.carina.core.foundation.api.http.HttpClient.send(HttpClient.java:37)
	at com.qaprosoft.carina.core.foundation.api.AbstractApiMethod.callAPI(AbstractApiMethod.java:268)
	at com.qaprosoft.carina.core.foundation.api.AbstractApiMethodV2.callAPI(AbstractApiMethodV2.java:130)
	at com.qaprosoft.carina.core.foundation.api.AbstractApiMethod.callAPI(AbstractApiMethod.java:248)
	at com.qaprosoft.carina.core.foundation.api.AbstractApiMethodV2.callAPI(AbstractApiMethodV2.java:122)
	at matpat.carina.demo.WeatherAPITest.testGetWeather(WeatherAPITest.java:34)
</failure>
    <system-out>Configuring TestNG with: org.apache.maven.surefire.testng.conf.TestNG652Configurator@2b9ed6da
2022-10-27 16:36:54 CarinaListener [main] [INFO] 
============= Test configuration =============
url=https://www.gsmarena.com
env=DEMO
auto_screenshot=true
project_report_directory=./reports
max_screen_history=10
localization_encoding=UTF-8
selenium_url=

------------- Driver capabilities -----------
================================================

2022-10-27 16:36:54 TestRunRegistrar [main-1] [WARN] Reporting disabled: using no op test run registrar
2022-10-27 16:36:55 Reflections [main-1] [INFO] Reflections took 530 ms to scan 11 urls, producing 2593 keys and 12644 values 
2022-10-27 16:36:55 CarinaListener [main-1] [INFO] Set thread-count=1
2022-10-27 16:36:55 CarinaListener [main-1] [INFO] Set data-provider-thread-count=1
2022-10-27 16:36:55 CarinaListener [main-1] [INFO] CARINA_CORE_VERSION: 7.4.26
2022-10-27 16:36:55 TestRunRegistrar [main-1] [WARN] Reporting disabled: using no op test run registrar
2022-10-27 16:36:55 Messager [main-1] [INFO] TEST [Command line test - testGetWeather] STARTED at [16:36:55 2022-10-27]
2022-10-27 16:36:56 AbstractApiMethod [main-1] [INFO] Request method:	GET
Request URI:	https://api.openweathermap.org/data/2.5/weather?appid=e6382fbf55290300073fc6f304bdd1a4
Request params:	&lt;none&gt;
Query params:	appid=e6382fbf55290300073fc6f304bdd1a4
Form params:	&lt;none&gt;
Path params:	&lt;none&gt;
Multiparts:		&lt;none&gt;
Cookies:		&lt;none&gt;
Headers:		Accept=*/*
				Content-Type=application/json; charset=UTF-8
Body:			&lt;none&gt;
HTTP/1.1 401 Unauthorized
Server: openresty
Date: Thu, 27 Oct 2022 20:36:55 GMT
Content-Type: application/json; charset=utf-8
Content-Length: 108
Connection: keep-alive
X-Cache-Key: /data/2.5/weather?
Access-Control-Allow-Origin: *
Access-Control-Allow-Credentials: true
Access-Control-Allow-Methods: GET, POST

{
    &quot;cod&quot;: 401,
    &quot;message&quot;: &quot;Invalid API key. Please see https://openweathermap.org/faq#error401 for more info.&quot;
}

2022-10-27 16:36:56 Messager [main-1] [ERROR] TEST [Command line test - testGetWeather] FAILED at [16:36:56 2022-10-27] - 2 expectations failed.
Expected status code &lt;200&gt; but was &lt;401&gt;.

Expected status line a string containing &quot;OK&quot; doesn&apos;t match actual status line &quot;HTTP/1.1 401 Unauthorized&quot;.


java.base/jdk.internal.reflect.NativeConstructorAccessorImpl.newInstance0(Native Method)
java.base/jdk.internal.reflect.NativeConstructorAccessorImpl.newInstance(NativeConstructorAccessorImpl.java:77)
java.base/jdk.internal.reflect.DelegatingConstructorAccessorImpl.newInstance(DelegatingConstructorAccessorImpl.java:45)
java.base/java.lang.reflect.Constructor.newInstanceWithCaller(Constructor.java:499)
java.base/java.lang.reflect.Constructor.newInstance(Constructor.java:480)
org.codehaus.groovy.reflection.CachedConstructor.invoke(CachedConstructor.java:72)
org.codehaus.groovy.runtime.callsite.ConstructorSite$ConstructorSiteNoUnwrapNoCoerce.callConstructor(ConstructorSite.java:105)
org.codehaus.groovy.runtime.callsite.CallSiteArray.defaultCallConstructor(CallSiteArray.java:59)
org.codehaus.groovy.runtime.callsite.AbstractCallSite.callConstructor(AbstractCallSite.java:263)
org.codehaus.groovy.runtime.callsite.AbstractCallSite.callConstructor(AbstractCallSite.java:277)
io.restassured.internal.ResponseSpecificationImpl$HamcrestAssertionClosure.validate(ResponseSpecificationImpl.groovy:493)
io.restassured.internal.ResponseSpecificationImpl$HamcrestAssertionClosure$validate$1.call(Unknown Source)
org.codehaus.groovy.runtime.callsite.CallSiteArray.defaultCall(CallSiteArray.java:47)
org.codehaus.groovy.runtime.callsite.AbstractCallSite.call(AbstractCallSite.java:125)
org.codehaus.groovy.runtime.callsite.AbstractCallSite.call(AbstractCallSite.java:139)
io.restassured.internal.RequestSpecificationImpl.applyPathParamsAndSendRequest(RequestSpecificationImpl.groovy:1656)
java.base/jdk.internal.reflect.NativeMethodAccessorImpl.invoke0(Native Method)
java.base/jdk.internal.reflect.NativeMethodAccessorImpl.invoke(NativeMethodAccessorImpl.java:77)
java.base/jdk.internal.reflect.DelegatingMethodAccessorImpl.invoke(DelegatingMethodAccessorImpl.java:43)
java.base/java.lang.reflect.Method.invoke(Method.java:568)
org.codehaus.groovy.reflection.CachedMethod.invoke(CachedMethod.java:107)
groovy.lang.MetaMethod.doMethodInvoke(MetaMethod.java:323)
groovy.lang.MetaClassImpl.invokeMethod(MetaClassImpl.java:1262)
groovy.lang.MetaClassImpl.invokeMethod(MetaClassImpl.java:1029)
groovy.lang.MetaClassImpl.invokeMethod(MetaClassImpl.java:816)
groovy.lang.GroovyObject.invokeMethod(GroovyObject.java:39)
org.codehaus.groovy.runtime.callsite.PogoInterceptableSite.call(PogoInterceptableSite.java:45)
org.codehaus.groovy.runtime.callsite.PogoInterceptableSite.callCurrent(PogoInterceptableSite.java:55)
org.codehaus.groovy.runtime.callsite.CallSiteArray.defaultCallCurrent(CallSiteArray.java:51)
org.codehaus.groovy.runtime.callsite.AbstractCallSite.callCurrent(AbstractCallSite.java:171)
org.codehaus.groovy.runtime.callsite.AbstractCallSite.callCurrent(AbstractCallSite.java:203)
io.restassured.internal.RequestSpecificationImpl.applyPathParamsAndSendRequest(RequestSpecificationImpl.groovy:1661)
java.base/jdk.internal.reflect.NativeMethodAccessorImpl.invoke0(Native Method)
java.base/jdk.internal.reflect.NativeMethodAccessorImpl.invoke(NativeMethodAccessorImpl.java:77)
java.base/jdk.internal.reflect.DelegatingMethodAccessorImpl.invoke(DelegatingMethodAccessorImpl.java:43)
java.base/java.lang.reflect.Method.invoke(Method.java:568)
org.codehaus.groovy.reflection.CachedMethod.invoke(CachedMethod.java:107)
groovy.lang.MetaMethod.doMethodInvoke(MetaMethod.java:323)
groovy.lang.MetaClassImpl.invokeMethod(MetaClassImpl.java:1262)
groovy.lang.MetaClassImpl.invokeMethod(MetaClassImpl.java:1029)
groovy.lang.MetaClassImpl.invokeMethod(MetaClassImpl.java:816)
groovy.lang.GroovyObject.invokeMethod(GroovyObject.java:39)
org.codehaus.groovy.runtime.callsite.PogoInterceptableSite.call(PogoInterceptableSite.java:45)
org.codehaus.groovy.runtime.callsite.PogoInterceptableSite.callCurrent(PogoInterceptableSite.java:55)
org.codehaus.groovy.runtime.callsite.CallSiteArray.defaultCallCurrent(CallSiteArray.java:51)
org.codehaus.groovy.runtime.callsite.AbstractCallSite.callCurrent(AbstractCallSite.java:171)
org.codehaus.groovy.runtime.callsite.AbstractCallSite.callCurrent(AbstractCallSite.java:203)
io.restassured.internal.RequestSpecificationImpl.get(RequestSpecificationImpl.groovy:171)
io.restassured.internal.RequestSpecificationImpl.get(RequestSpecificationImpl.groovy)
com.qaprosoft.carina.core.foundation.api.http.HttpClient.send(HttpClient.java:37)
com.qaprosoft.carina.core.foundation.api.AbstractApiMethod.callAPI(AbstractApiMethod.java:268)
com.qaprosoft.carina.core.foundation.api.AbstractApiMethodV2.callAPI(AbstractApiMethodV2.java:130)
com.qaprosoft.carina.core.foundation.api.AbstractApiMethod.callAPI(AbstractApiMethod.java:248)
com.qaprosoft.carina.core.foundation.api.AbstractApiMethodV2.callAPI(AbstractApiMethodV2.java:122)
matpat.carina.demo.WeatherAPITest.testGetWeather(WeatherAPITest.java:34)
java.base/jdk.internal.reflect.NativeMethodAccessorImpl.invoke0(Native Method)
java.base/jdk.internal.reflect.NativeMethodAccessorImpl.invoke(NativeMethodAccessorImpl.java:77)
java.base/jdk.internal.reflect.DelegatingMethodAccessorImpl.invoke(DelegatingMethodAccessorImpl.java:43)
java.base/java.lang.reflect.Method.invoke(Method.java:568)
org.testng.internal.invokers.MethodInvocationHelper.invokeMethod(MethodInvocationHelper.java:135)
org.testng.internal.invokers.TestInvoker.invokeMethod(TestInvoker.java:673)
org.testng.internal.invokers.TestInvoker.invokeTestMethod(TestInvoker.java:220)
org.testng.internal.invokers.MethodRunner.runInSequence(MethodRunner.java:50)
org.testng.internal.invokers.TestInvoker$MethodInvocationAgent.invoke(TestInvoker.java:945)
org.testng.internal.invokers.TestInvoker.invokeTestMethods(TestInvoker.java:193)
org.testng.internal.invokers.TestMethodWorker.invokeTestMethods(TestMethodWorker.java:146)
org.testng.internal.invokers.TestMethodWorker.run(TestMethodWorker.java:128)
java.base/java.util.ArrayList.forEach(ArrayList.java:1511)
org.testng.TestRunner.privateRun(TestRunner.java:808)
org.testng.TestRunner.run(TestRunner.java:603)
org.testng.SuiteRunner.runTest(SuiteRunner.java:429)
org.testng.SuiteRunner.runSequentially(SuiteRunner.java:423)
org.testng.SuiteRunner.privateRun(SuiteRunner.java:383)
org.testng.SuiteRunner.run(SuiteRunner.java:326)
org.testng.SuiteRunnerWorker.runSuite(SuiteRunnerWorker.java:52)
org.testng.SuiteRunnerWorker.run(SuiteRunnerWorker.java:95)
org.testng.TestNG.runSuitesSequentially(TestNG.java:1249)
org.testng.TestNG.runSuitesLocally(TestNG.java:1169)
org.testng.TestNG.runSuites(TestNG.java:1092)
org.testng.TestNG.run(TestNG.java:1060)
org.apache.maven.surefire.testng.TestNGExecutor.run(TestNGExecutor.java:77)
org.apache.maven.surefire.testng.TestNGDirectoryTestSuite.execute(TestNGDirectoryTestSuite.java:110)
org.apache.maven.surefire.testng.TestNGProvider.invoke(TestNGProvider.java:106)
java.base/jdk.internal.reflect.NativeMethodAccessorImpl.invoke0(Native Method)
java.base/jdk.internal.reflect.NativeMethodAccessorImpl.invoke(NativeMethodAccessorImpl.java:77)
java.base/jdk.internal.reflect.DelegatingMethodAccessorImpl.invoke(DelegatingMethodAccessorImpl.java:43)
java.base/java.lang.reflect.Method.invoke(Method.java:568)
org.apache.maven.surefire.util.ReflectionUtils.invokeMethodWithArray(ReflectionUtils.java:189)
org.apache.maven.surefire.booter.ProviderFactory$ProviderProxy.invoke(ProviderFactory.java:165)
org.apache.maven.surefire.booter.ProviderFactory.invokeProvider(ProviderFactory.java:85)
org.apache.maven.surefire.booter.ForkedBooter.runSuitesInProcess(ForkedBooter.java:115)
org.apache.maven.surefire.booter.ForkedBooter.main(ForkedBooter.java:75)
</system-out>
  </testcase>
</testsuite>